-------------------------------
/data/cci_radiology/CCI/TRG/John_Sam_Asprin/Codes_Proc_Diag
Running on host dn051
Time is Mon Aug 19 00:34:59 EDT 2024
SLURM_NODES are dn051
-------------------------------



I10_PR1
I10_PR2
I10_PR3
I10_PR4
I10_PR5
I10_PR6
I10_PR7
I10_PR8
I10_PR9
I10_PR10
I10_PR11
I10_PR12
I10_PR13
I10_PR14
I10_PR15
I10_PR16
I10_PR17
I10_PR18
I10_PR19
I10_PR20
I10_PR21
I10_PR22
I10_PR23
I10_PR24
I10_PR25
I10_DX1
I10_DX2
I10_DX3
I10_DX4
I10_DX5
I10_DX6
I10_DX7
I10_DX8
I10_DX9
I10_DX10
I10_DX11
I10_DX12
I10_DX13
I10_DX14
I10_DX15
I10_DX16
I10_DX17
I10_DX18
I10_DX19
I10_DX20
I10_DX21
I10_DX22
I10_DX23
I10_DX24
I10_DX25
I10_DX26
I10_DX27
I10_DX28
I10_DX29
I10_DX30
I10_DX31
I10_DX32
I10_DX33
I10_DX34
I10_DX35
I10_DX36
I10_DX37
I10_DX38
I10_DX39
I10_DX40
